2014-01-26 13:55:31,321 [main] WARN  org.eclipse.equinox.logger - Both 'org.eclipse.gmt.modisco.xml' and 'org.eclipse.mylyn.reviews.core' register an extension parser for 'xml' - org.eclipse.emf.ecore, id: 1069
2014-01-26 13:55:31,322 [main] WARN  org.eclipse.equinox.logger - Both 'org.eclipse.gmt.modisco.xml' and 'org.eclipse.mylyn.reviews.core' register an extension parser for 'xml' - org.eclipse.emf.ecore, id: 1069 - org.eclipse.m2e.logback.appender, id: 1871
2014-01-26 13:55:31,323 [main] WARN  org.eclipse.equinox.logger - Both 'org.eclipse.soa.sca.sca1_0.model' and 'org.eclipse.soa.sca.sca1_1.model' register an extension parser for 'composite' - org.eclipse.emf.ecore, id: 1069
2014-01-26 13:55:31,323 [main] WARN  org.eclipse.equinox.logger - Both 'org.eclipse.soa.sca.sca1_0.model' and 'org.eclipse.soa.sca.sca1_1.model' register an extension parser for 'composite' - org.eclipse.emf.ecore, id: 1069 - org.eclipse.m2e.logback.appender, id: 1871
2014-01-26 13:55:49,324 [main] ERROR org.eclipse.equinox.logger - Unhandled event loop exception - org.eclipse.ui.workbench, id: 2979
org.eclipse.riena.core.singleton.SingletonFailure: Could not instantiate RAP controlled singleton.
	at org.eclipse.riena.internal.core.singleton.RAPSingletonProvider.getInstance(RAPSingletonProvider.java:115) ~[na:na]
	at org.eclipse.riena.core.singleton.SessionSingletonProvider.getInstance(SessionSingletonProvider.java:67) ~[na:na]
	at org.eclipse.riena.navigation.ApplicationNodeManager.locateActiveSubApplicationNode(ApplicationNodeManager.java:89) ~[na:na]
	at org.eclipse.riena.internal.navigation.ui.swt.handlers.NavigationSourceProvider.getCurrentState(NavigationSourceProvider.java:61) ~[na:na]
	at org.eclipse.ui.internal.services.EvaluationService.addSourceProvider(EvaluationService.java:153) ~[org.eclipse.ui.workbench_3.105.1.v20130821-1411.jar:na]
	at org.eclipse.ui.internal.Workbench$46.runWithException(Workbench.java:2222) ~[org.eclipse.ui.workbench_3.105.1.v20130821-1411.jar:na]
	at org.eclipse.ui.internal.StartupThreading$StartupRunnable.run(StartupThreading.java:31) ~[org.eclipse.ui.workbench_3.105.1.v20130821-1411.jar:na]
	at org.eclipse.swt.widgets.RunnableLock.run(RunnableLock.java:35) ~[org.eclipse.swt.win32.win32.x86_64_3.102.1.v20130827-2048.jar:na]
	at org.eclipse.swt.widgets.Synchronizer.runAsyncMessages(Synchronizer.java:135) ~[org.eclipse.swt.win32.win32.x86_64_3.102.1.v20130827-2048.jar:na]
	at org.eclipse.swt.widgets.Display.runAsyncMessages(Display.java:4145) ~[org.eclipse.swt.win32.win32.x86_64_3.102.1.v20130827-2048.jar:na]
	at org.eclipse.swt.widgets.Display.readAndDispatch(Display.java:3762) ~[org.eclipse.swt.win32.win32.x86_64_3.102.1.v20130827-2048.jar:na]
	at org.eclipse.ui.internal.Workbench.runUI(Workbench.java:2682) ~[na:na]
	at org.eclipse.ui.internal.Workbench.access$7(Workbench.java:2590) ~[na:na]
	at org.eclipse.ui.internal.Workbench$5.run(Workbench.java:608) ~[na:na]
	at org.eclipse.core.databinding.observable.Realm.runWithDefault(Realm.java:332) ~[na:na]
	at org.eclipse.ui.internal.Workbench.createAndRunWorkbench(Workbench.java:567) ~[na:na]
	at org.eclipse.ui.PlatformUI.createAndRunWorkbench(PlatformUI.java:150) [org.eclipse.ui.workbench_3.105.1.v20130821-1411.jar:na]
	at org.eclipse.ui.internal.ide.application.IDEApplication.start(IDEApplication.java:124) [org.eclipse.ui.ide.application_1.0.400.v20130326-1250.jar:na]
	at org.eclipse.equinox.internal.app.EclipseAppHandle.run(EclipseAppHandle.java:196) [org.eclipse.equinox.app_1.3.100.v20130327-1442.jar:na]
	at org.eclipse.core.runtime.internal.adaptor.EclipseAppLauncher.runApplication(EclipseAppLauncher.java:110) [org.eclipse.osgi_3.9.1.v20130814-1242.jar:na]
	at org.eclipse.core.runtime.internal.adaptor.EclipseAppLauncher.start(EclipseAppLauncher.java:79) [org.eclipse.osgi_3.9.1.v20130814-1242.jar:na]
	at org.eclipse.core.runtime.adaptor.EclipseStarter.run(EclipseStarter.java:354) [org.eclipse.osgi_3.9.1.v20130814-1242.jar:na]
	at org.eclipse.core.runtime.adaptor.EclipseStarter.run(EclipseStarter.java:181) [org.eclipse.osgi_3.9.1.v20130814-1242.jar:na]
	at sun.reflect.NativeMethodAccessorImpl.invoke0(Native Method) ~[na:1.7.0_51]
	at sun.reflect.NativeMethodAccessorImpl.invoke(Unknown Source) ~[na:1.7.0_51]
	at sun.reflect.DelegatingMethodAccessorImpl.invoke(Unknown Source) ~[na:1.7.0_51]
	at java.lang.reflect.Method.invoke(Unknown Source) ~[na:1.7.0_51]
	at org.eclipse.equinox.launcher.Main.invokeFramework(Main.java:636) [org.eclipse.equinox.launcher_1.3.0.v20130327-1440.jar:na]
	at org.eclipse.equinox.launcher.Main.basicRun(Main.java:591) [org.eclipse.equinox.launcher_1.3.0.v20130327-1440.jar:na]
	at org.eclipse.equinox.launcher.Main.run(Main.java:1450) [org.eclipse.equinox.launcher_1.3.0.v20130327-1440.jar:na]
	at org.eclipse.equinox.launcher.Main.main(Main.java:1426) [org.eclipse.equinox.launcher_1.3.0.v20130327-1440.jar:na]
Caused by: java.lang.reflect.InvocationTargetException: null
	at sun.reflect.NativeMethodAccessorImpl.invoke0(Native Method) ~[na:1.7.0_51]
	at sun.reflect.NativeMethodAccessorImpl.invoke(Unknown Source) ~[na:1.7.0_51]
	at sun.reflect.DelegatingMethodAccessorImpl.invoke(Unknown Source) ~[na:1.7.0_51]
	at java.lang.reflect.Method.invoke(Unknown Source) ~[na:1.7.0_51]
	at org.eclipse.riena.internal.core.singleton.RAPSingletonProvider.getInstance(RAPSingletonProvider.java:104) ~[na:na]
	... 30 common frames omitted
Caused by: java.lang.IllegalStateException: No context available outside of the request processing.
	at org.eclipse.rap.rwt.internal.service.ContextProvider.getContext(ContextProvider.java:95) ~[na:na]
	at org.eclipse.rap.rwt.internal.service.ContextProvider.getUISession(ContextProvider.java:183) ~[na:na]
	at org.eclipse.rap.rwt.SingletonUtil.getSessionInstance(SingletonUtil.java:54) ~[na:na]
	at org.eclipse.rap.rwt.SessionSingletonBase.getInstance(SessionSingletonBase.java:50) ~[na:na]
	... 35 common frames omitted
2014-01-26 13:55:49,325 [main] ERROR org.eclipse.equinox.logger - Unhandled event loop exception - org.eclipse.ui.workbench, id: 2979 - org.eclipse.m2e.logback.appender, id: 1871
2014-01-26 14:02:29,381 [main] WARN  o.e.g.c.s.z.ZooKeeperBasedService - ZooKeeper gate is down. Service ZooKeeperPreferencesService [cloud] may be invalid now.
2014-01-26 14:02:29,381 [main] WARN  org.eclipse.equinox.logger - ZooKeeper gate is down. Service ZooKeeperPreferencesService [cloud] may be invalid now. - org.eclipse.m2e.logback.appender, id: 1871
2014-01-26 14:02:29,382 [main] WARN  o.e.g.c.s.z.ZooKeeperBasedService - ZooKeeper gate is down. Service ZooKeeperPreferencesService [cloud] may be invalid now.
2014-01-26 14:02:29,382 [main] WARN  org.eclipse.equinox.logger - ZooKeeper gate is down. Service ZooKeeperPreferencesService [cloud] may be invalid now. - org.eclipse.m2e.logback.appender, id: 1871
2014-01-26 14:02:29,383 [main] WARN  o.e.g.c.s.z.ZooKeeperBasedService - ZooKeeper gate is down. Service ZooKeeperPreferencesService [cloud] may be invalid now.
2014-01-26 14:02:29,384 [main] WARN  org.eclipse.equinox.logger - ZooKeeper gate is down. Service ZooKeeperPreferencesService [cloud] may be invalid now. - org.eclipse.m2e.logback.appender, id: 1871
2014-01-30 16:02:50,487 [main] WARN  org.eclipse.equinox.logger - Both 'org.eclipse.gmt.modisco.xml' and 'org.eclipse.mylyn.reviews.core' register an extension parser for 'xml' - org.eclipse.emf.ecore, id: 1069
2014-01-30 16:02:50,503 [main] WARN  org.eclipse.equinox.logger - Both 'org.eclipse.gmt.modisco.xml' and 'org.eclipse.mylyn.reviews.core' register an extension parser for 'xml' - org.eclipse.emf.ecore, id: 1069 - org.eclipse.m2e.logback.appender, id: 1871
2014-01-30 16:02:50,504 [main] WARN  org.eclipse.equinox.logger - Both 'org.eclipse.soa.sca.sca1_0.model' and 'org.eclipse.soa.sca.sca1_1.model' register an extension parser for 'composite' - org.eclipse.emf.ecore, id: 1069
2014-01-30 16:02:50,505 [main] WARN  org.eclipse.equinox.logger - Both 'org.eclipse.soa.sca.sca1_0.model' and 'org.eclipse.soa.sca.sca1_1.model' register an extension parser for 'composite' - org.eclipse.emf.ecore, id: 1069 - org.eclipse.m2e.logback.appender, id: 1871
2014-01-30 16:03:14,083 [main] ERROR org.eclipse.equinox.logger - Unhandled event loop exception - org.eclipse.ui.workbench, id: 2979
org.eclipse.riena.core.singleton.SingletonFailure: Could not instantiate RAP controlled singleton.
	at org.eclipse.riena.internal.core.singleton.RAPSingletonProvider.getInstance(RAPSingletonProvider.java:115) ~[na:na]
	at org.eclipse.riena.core.singleton.SessionSingletonProvider.getInstance(SessionSingletonProvider.java:67) ~[na:na]
	at org.eclipse.riena.navigation.ApplicationNodeManager.locateActiveSubApplicationNode(ApplicationNodeManager.java:89) ~[na:na]
	at org.eclipse.riena.internal.navigation.ui.swt.handlers.NavigationSourceProvider.getCurrentState(NavigationSourceProvider.java:61) ~[na:na]
	at org.eclipse.ui.internal.services.EvaluationService.addSourceProvider(EvaluationService.java:153) ~[org.eclipse.ui.workbench_3.105.1.v20130821-1411.jar:na]
	at org.eclipse.ui.internal.Workbench$46.runWithException(Workbench.java:2222) ~[org.eclipse.ui.workbench_3.105.1.v20130821-1411.jar:na]
	at org.eclipse.ui.internal.StartupThreading$StartupRunnable.run(StartupThreading.java:31) ~[org.eclipse.ui.workbench_3.105.1.v20130821-1411.jar:na]
	at org.eclipse.swt.widgets.RunnableLock.run(RunnableLock.java:35) ~[org.eclipse.swt.win32.win32.x86_64_3.102.1.v20130827-2048.jar:na]
	at org.eclipse.swt.widgets.Synchronizer.runAsyncMessages(Synchronizer.java:135) ~[org.eclipse.swt.win32.win32.x86_64_3.102.1.v20130827-2048.jar:na]
	at org.eclipse.swt.widgets.Display.runAsyncMessages(Display.java:4145) ~[org.eclipse.swt.win32.win32.x86_64_3.102.1.v20130827-2048.jar:na]
	at org.eclipse.swt.widgets.Display.readAndDispatch(Display.java:3762) ~[org.eclipse.swt.win32.win32.x86_64_3.102.1.v20130827-2048.jar:na]
	at org.eclipse.ui.internal.Workbench.runUI(Workbench.java:2682) ~[na:na]
	at org.eclipse.ui.internal.Workbench.access$7(Workbench.java:2590) ~[na:na]
	at org.eclipse.ui.internal.Workbench$5.run(Workbench.java:608) ~[na:na]
	at org.eclipse.core.databinding.observable.Realm.runWithDefault(Realm.java:332) ~[na:na]
	at org.eclipse.ui.internal.Workbench.createAndRunWorkbench(Workbench.java:567) ~[na:na]
	at org.eclipse.ui.PlatformUI.createAndRunWorkbench(PlatformUI.java:150) [org.eclipse.ui.workbench_3.105.1.v20130821-1411.jar:na]
	at org.eclipse.ui.internal.ide.application.IDEApplication.start(IDEApplication.java:124) [org.eclipse.ui.ide.application_1.0.400.v20130326-1250.jar:na]
	at org.eclipse.equinox.internal.app.EclipseAppHandle.run(EclipseAppHandle.java:196) [org.eclipse.equinox.app_1.3.100.v20130327-1442.jar:na]
	at org.eclipse.core.runtime.internal.adaptor.EclipseAppLauncher.runApplication(EclipseAppLauncher.java:110) [org.eclipse.osgi_3.9.1.v20130814-1242.jar:na]
	at org.eclipse.core.runtime.internal.adaptor.EclipseAppLauncher.start(EclipseAppLauncher.java:79) [org.eclipse.osgi_3.9.1.v20130814-1242.jar:na]
	at org.eclipse.core.runtime.adaptor.EclipseStarter.run(EclipseStarter.java:354) [org.eclipse.osgi_3.9.1.v20130814-1242.jar:na]
	at org.eclipse.core.runtime.adaptor.EclipseStarter.run(EclipseStarter.java:181) [org.eclipse.osgi_3.9.1.v20130814-1242.jar:na]
	at sun.reflect.NativeMethodAccessorImpl.invoke0(Native Method) ~[na:1.7.0_51]
	at sun.reflect.NativeMethodAccessorImpl.invoke(Unknown Source) ~[na:1.7.0_51]
	at sun.reflect.DelegatingMethodAccessorImpl.invoke(Unknown Source) ~[na:1.7.0_51]
	at java.lang.reflect.Method.invoke(Unknown Source) ~[na:1.7.0_51]
	at org.eclipse.equinox.launcher.Main.invokeFramework(Main.java:636) [org.eclipse.equinox.launcher_1.3.0.v20130327-1440.jar:na]
	at org.eclipse.equinox.launcher.Main.basicRun(Main.java:591) [org.eclipse.equinox.launcher_1.3.0.v20130327-1440.jar:na]
	at org.eclipse.equinox.launcher.Main.run(Main.java:1450) [org.eclipse.equinox.launcher_1.3.0.v20130327-1440.jar:na]
	at org.eclipse.equinox.launcher.Main.main(Main.java:1426) [org.eclipse.equinox.launcher_1.3.0.v20130327-1440.jar:na]
Caused by: java.lang.reflect.InvocationTargetException: null
	at sun.reflect.NativeMethodAccessorImpl.invoke0(Native Method) ~[na:1.7.0_51]
	at sun.reflect.NativeMethodAccessorImpl.invoke(Unknown Source) ~[na:1.7.0_51]
	at sun.reflect.DelegatingMethodAccessorImpl.invoke(Unknown Source) ~[na:1.7.0_51]
	at java.lang.reflect.Method.invoke(Unknown Source) ~[na:1.7.0_51]
	at org.eclipse.riena.internal.core.singleton.RAPSingletonProvider.getInstance(RAPSingletonProvider.java:104) ~[na:na]
	... 30 common frames omitted
Caused by: java.lang.IllegalStateException: No context available outside of the request processing.
	at org.eclipse.rap.rwt.internal.service.ContextProvider.getContext(ContextProvider.java:95) ~[na:na]
	at org.eclipse.rap.rwt.internal.service.ContextProvider.getUISession(ContextProvider.java:183) ~[na:na]
	at org.eclipse.rap.rwt.SingletonUtil.getSessionInstance(SingletonUtil.java:54) ~[na:na]
	at org.eclipse.rap.rwt.SessionSingletonBase.getInstance(SessionSingletonBase.java:50) ~[na:na]
	... 35 common frames omitted
2014-01-30 16:03:14,083 [main] ERROR org.eclipse.equinox.logger - Unhandled event loop exception - org.eclipse.ui.workbench, id: 2979 - org.eclipse.m2e.logback.appender, id: 1871
2014-01-30 16:04:55,231 [main] WARN  org.eclipse.equinox.logger - Both 'org.eclipse.gmt.modisco.xml' and 'org.eclipse.mylyn.reviews.core' register an extension parser for 'xml' - org.eclipse.emf.ecore, id: 1069
2014-01-30 16:04:55,232 [main] WARN  org.eclipse.equinox.logger - Both 'org.eclipse.gmt.modisco.xml' and 'org.eclipse.mylyn.reviews.core' register an extension parser for 'xml' - org.eclipse.emf.ecore, id: 1069 - org.eclipse.m2e.logback.appender, id: 1871
2014-01-30 16:04:55,233 [main] WARN  org.eclipse.equinox.logger - Both 'org.eclipse.soa.sca.sca1_0.model' and 'org.eclipse.soa.sca.sca1_1.model' register an extension parser for 'composite' - org.eclipse.emf.ecore, id: 1069
2014-01-30 16:04:55,233 [main] WARN  org.eclipse.equinox.logger - Both 'org.eclipse.soa.sca.sca1_0.model' and 'org.eclipse.soa.sca.sca1_1.model' register an extension parser for 'composite' - org.eclipse.emf.ecore, id: 1069 - org.eclipse.m2e.logback.appender, id: 1871
2014-01-30 16:05:10,076 [main] ERROR org.eclipse.equinox.logger - Unhandled event loop exception - org.eclipse.ui.workbench, id: 2979
org.eclipse.riena.core.singleton.SingletonFailure: Could not instantiate RAP controlled singleton.
	at org.eclipse.riena.internal.core.singleton.RAPSingletonProvider.getInstance(RAPSingletonProvider.java:115) ~[na:na]
	at org.eclipse.riena.core.singleton.SessionSingletonProvider.getInstance(SessionSingletonProvider.java:67) ~[na:na]
	at org.eclipse.riena.navigation.ApplicationNodeManager.locateActiveSubApplicationNode(ApplicationNodeManager.java:89) ~[na:na]
	at org.eclipse.riena.internal.navigation.ui.swt.handlers.NavigationSourceProvider.getCurrentState(NavigationSourceProvider.java:61) ~[na:na]
	at org.eclipse.ui.internal.services.EvaluationService.addSourceProvider(EvaluationService.java:153) ~[org.eclipse.ui.workbench_3.105.1.v20130821-1411.jar:na]
	at org.eclipse.ui.internal.Workbench$46.runWithException(Workbench.java:2222) ~[org.eclipse.ui.workbench_3.105.1.v20130821-1411.jar:na]
	at org.eclipse.ui.internal.StartupThreading$StartupRunnable.run(StartupThreading.java:31) ~[org.eclipse.ui.workbench_3.105.1.v20130821-1411.jar:na]
	at org.eclipse.swt.widgets.RunnableLock.run(RunnableLock.java:35) ~[org.eclipse.swt.win32.win32.x86_64_3.102.1.v20130827-2048.jar:na]
	at org.eclipse.swt.widgets.Synchronizer.runAsyncMessages(Synchronizer.java:135) ~[org.eclipse.swt.win32.win32.x86_64_3.102.1.v20130827-2048.jar:na]
	at org.eclipse.swt.widgets.Display.runAsyncMessages(Display.java:4145) ~[org.eclipse.swt.win32.win32.x86_64_3.102.1.v20130827-2048.jar:na]
	at org.eclipse.swt.widgets.Display.readAndDispatch(Display.java:3762) ~[org.eclipse.swt.win32.win32.x86_64_3.102.1.v20130827-2048.jar:na]
	at org.eclipse.ui.internal.Workbench.runUI(Workbench.java:2682) ~[na:na]
	at org.eclipse.ui.internal.Workbench.access$7(Workbench.java:2590) ~[na:na]
	at org.eclipse.ui.internal.Workbench$5.run(Workbench.java:608) ~[na:na]
	at org.eclipse.core.databinding.observable.Realm.runWithDefault(Realm.java:332) ~[na:na]
	at org.eclipse.ui.internal.Workbench.createAndRunWorkbench(Workbench.java:567) ~[na:na]
	at org.eclipse.ui.PlatformUI.createAndRunWorkbench(PlatformUI.java:150) [org.eclipse.ui.workbench_3.105.1.v20130821-1411.jar:na]
	at org.eclipse.ui.internal.ide.application.IDEApplication.start(IDEApplication.java:124) [org.eclipse.ui.ide.application_1.0.400.v20130326-1250.jar:na]
	at org.eclipse.equinox.internal.app.EclipseAppHandle.run(EclipseAppHandle.java:196) [org.eclipse.equinox.app_1.3.100.v20130327-1442.jar:na]
	at org.eclipse.core.runtime.internal.adaptor.EclipseAppLauncher.runApplication(EclipseAppLauncher.java:110) [org.eclipse.osgi_3.9.1.v20130814-1242.jar:na]
	at org.eclipse.core.runtime.internal.adaptor.EclipseAppLauncher.start(EclipseAppLauncher.java:79) [org.eclipse.osgi_3.9.1.v20130814-1242.jar:na]
	at org.eclipse.core.runtime.adaptor.EclipseStarter.run(EclipseStarter.java:354) [org.eclipse.osgi_3.9.1.v20130814-1242.jar:na]
	at org.eclipse.core.runtime.adaptor.EclipseStarter.run(EclipseStarter.java:181) [org.eclipse.osgi_3.9.1.v20130814-1242.jar:na]
	at sun.reflect.NativeMethodAccessorImpl.invoke0(Native Method) ~[na:1.7.0_51]
	at sun.reflect.NativeMethodAccessorImpl.invoke(Unknown Source) ~[na:1.7.0_51]
	at sun.reflect.DelegatingMethodAccessorImpl.invoke(Unknown Source) ~[na:1.7.0_51]
	at java.lang.reflect.Method.invoke(Unknown Source) ~[na:1.7.0_51]
	at org.eclipse.equinox.launcher.Main.invokeFramework(Main.java:636) [org.eclipse.equinox.launcher_1.3.0.v20130327-1440.jar:na]
	at org.eclipse.equinox.launcher.Main.basicRun(Main.java:591) [org.eclipse.equinox.launcher_1.3.0.v20130327-1440.jar:na]
	at org.eclipse.equinox.launcher.Main.run(Main.java:1450) [org.eclipse.equinox.launcher_1.3.0.v20130327-1440.jar:na]
	at org.eclipse.equinox.launcher.Main.main(Main.java:1426) [org.eclipse.equinox.launcher_1.3.0.v20130327-1440.jar:na]
Caused by: java.lang.reflect.InvocationTargetException: null
	at sun.reflect.NativeMethodAccessorImpl.invoke0(Native Method) ~[na:1.7.0_51]
	at sun.reflect.NativeMethodAccessorImpl.invoke(Unknown Source) ~[na:1.7.0_51]
	at sun.reflect.DelegatingMethodAccessorImpl.invoke(Unknown Source) ~[na:1.7.0_51]
	at java.lang.reflect.Method.invoke(Unknown Source) ~[na:1.7.0_51]
	at org.eclipse.riena.internal.core.singleton.RAPSingletonProvider.getInstance(RAPSingletonProvider.java:104) ~[na:na]
	... 30 common frames omitted
Caused by: java.lang.IllegalStateException: No context available outside of the request processing.
	at org.eclipse.rap.rwt.internal.service.ContextProvider.getContext(ContextProvider.java:95) ~[na:na]
	at org.eclipse.rap.rwt.internal.service.ContextProvider.getUISession(ContextProvider.java:183) ~[na:na]
	at org.eclipse.rap.rwt.SingletonUtil.getSessionInstance(SingletonUtil.java:54) ~[na:na]
	at org.eclipse.rap.rwt.SessionSingletonBase.getInstance(SessionSingletonBase.java:50) ~[na:na]
	... 35 common frames omitted
2014-01-30 16:05:10,077 [main] ERROR org.eclipse.equinox.logger - Unhandled event loop exception - org.eclipse.ui.workbench, id: 2979 - org.eclipse.m2e.logback.appender, id: 1871
2014-01-30 16:05:30,683 [main] WARN  o.e.g.c.s.z.ZooKeeperBasedService - ZooKeeper gate is down. Service ZooKeeperPreferencesService [cloud] may be invalid now.
2014-01-30 16:05:30,684 [main] WARN  org.eclipse.equinox.logger - ZooKeeper gate is down. Service ZooKeeperPreferencesService [cloud] may be invalid now. - org.eclipse.m2e.logback.appender, id: 1871
2014-01-30 16:05:30,685 [main] WARN  o.e.g.c.s.z.ZooKeeperBasedService - ZooKeeper gate is down. Service ZooKeeperPreferencesService [cloud] may be invalid now.
2014-01-30 16:05:30,685 [main] WARN  org.eclipse.equinox.logger - ZooKeeper gate is down. Service ZooKeeperPreferencesService [cloud] may be invalid now. - org.eclipse.m2e.logback.appender, id: 1871
2014-01-30 16:05:30,686 [main] WARN  o.e.g.c.s.z.ZooKeeperBasedService - ZooKeeper gate is down. Service ZooKeeperPreferencesService [cloud] may be invalid now.
2014-01-30 16:05:30,686 [main] WARN  org.eclipse.equinox.logger - ZooKeeper gate is down. Service ZooKeeperPreferencesService [cloud] may be invalid now. - org.eclipse.m2e.logback.appender, id: 1871
